<?xml version="1.0" encoding="UTF-8"?>
<!-- Generated by org.testng.reporters.JUnitXMLReporter -->
<testsuite hostname="tejasn-mbp.local" ignored="0" name="Command line test" tests="66" failures="0" timestamp="08 Apr 2019 17:20:57 GMT" time="0.125" errors="0">
  <testcase name="@BeforeMethod setup" time="0.003" classname="com.crm.qa.testcases.TargetsPageTest">
    <failure type="java.lang.NullPointerException">
      <![CDATA[java.lang.NullPointerException
	at com.crm.qa.base.TestBase.initialization(TestBase.java:50)
	at com.crm.qa.testcases.TargetsPageTest.setup(TargetsPageTest.java:30)
... Removed 37 stack frames]]>
    </failure>
  </testcase> <!-- @BeforeMethod setup -->
  <testcase name="@BeforeMethod setup" time="0.0" classname="com.crm.qa.testcases.TargetsPageTest">
    <skipped/>
  </testcase> <!-- @BeforeMethod setup -->
  <testcase name="@BeforeMethod setUp" time="0.001" classname="com.crm.qa.testcases.LoginPageTest">
    <failure type="java.lang.NullPointerException">
      <![CDATA[java.lang.NullPointerException
	at com.crm.qa.base.TestBase.initialization(TestBase.java:50)
	at com.crm.qa.testcases.LoginPageTest.setUp(LoginPageTest.java:26)
... Removed 37 stack frames]]>
    </failure>
  </testcase> <!-- @BeforeMethod setUp -->
  <testcase name="@BeforeMethod setUp" time="0.0" classname="com.crm.qa.testcases.LoginPageTest">
    <skipped/>
  </testcase> <!-- @BeforeMethod setUp -->
  <testcase name="@BeforeMethod setUp" time="0.0" classname="com.crm.qa.testcases.LoginPageTest">
    <skipped/>
  </testcase> <!-- @BeforeMethod setUp -->
  <testcase name="@BeforeMethod setUp" time="0.0" classname="com.crm.qa.testcases.LoginPageTest">
    <skipped/>
  </testcase> <!-- @BeforeMethod setUp -->
  <testcase name="@BeforeMethod setUp" time="0.0" classname="com.crm.qa.testcases.LoginPageTest">
    <skipped/>
  </testcase> <!-- @BeforeMethod setUp -->
  <testcase name="@BeforeMethod setup" time="0.0" classname="com.crm.qa.testcases.DocsPageTest">
    <failure type="java.lang.NullPointerException">
      <![CDATA[java.lang.NullPointerException
	at com.crm.qa.base.TestBase.initialization(TestBase.java:50)
	at com.crm.qa.testcases.DocsPageTest.setup(DocsPageTest.java:30)
... Removed 37 stack frames]]>
    </failure>
  </testcase> <!-- @BeforeMethod setup -->
  <testcase name="@BeforeMethod setup" time="0.0" classname="com.crm.qa.testcases.TasksPageTest">
    <failure type="java.lang.NullPointerException">
      <![CDATA[java.lang.NullPointerException
	at com.crm.qa.base.TestBase.initialization(TestBase.java:50)
	at com.crm.qa.testcases.TasksPageTest.setup(TasksPageTest.java:32)
... Removed 37 stack frames]]>
    </failure>
  </testcase> <!-- @BeforeMethod setup -->
  <testcase name="@BeforeMethod setUp" time="0.0" classname="com.crm.qa.testcases.CompanyPageTest">
    <failure type="java.lang.NullPointerException">
      <![CDATA[java.lang.NullPointerException
	at com.crm.qa.base.TestBase.initialization(TestBase.java:50)
	at com.crm.qa.testcases.CompanyPageTest.setUp(CompanyPageTest.java:31)
... Removed 37 stack frames]]>
    </failure>
  </testcase> <!-- @BeforeMethod setUp -->
  <testcase name="@BeforeMethod setUp" time="0.0" classname="com.crm.qa.testcases.ContactsPageTest">
    <failure type="java.lang.NullPointerException">
      <![CDATA[java.lang.NullPointerException
	at com.crm.qa.base.TestBase.initialization(TestBase.java:50)
	at com.crm.qa.testcases.ContactsPageTest.setUp(ContactsPageTest.java:31)
... Removed 37 stack frames]]>
    </failure>
  </testcase> <!-- @BeforeMethod setUp -->
  <testcase name="@BeforeMethod setUp" time="0.001" classname="com.crm.qa.testcases.DealsPageTest">
    <failure type="java.lang.NullPointerException">
      <![CDATA[java.lang.NullPointerException
	at com.crm.qa.base.TestBase.initialization(TestBase.java:50)
	at com.crm.qa.testcases.DealsPageTest.setUp(DealsPageTest.java:32)
... Removed 37 stack frames]]>
    </failure>
  </testcase> <!-- @BeforeMethod setUp -->
  <testcase name="@BeforeMethod setUp" time="0.001" classname="com.crm.qa.testcases.FormsPageTest">
    <failure type="java.lang.NullPointerException">
      <![CDATA[java.lang.NullPointerException
	at com.crm.qa.base.TestBase.initialization(TestBase.java:50)
	at com.crm.qa.testcases.FormsPageTest.setUp(FormsPageTest.java:27)
... Removed 37 stack frames]]>
    </failure>
  </testcase> <!-- @BeforeMethod setUp -->
  <testcase name="@BeforeMethod setup" time="0.001" classname="com.crm.qa.testcases.HomePageTest">
    <failure type="java.lang.NullPointerException">
      <![CDATA[java.lang.NullPointerException
	at com.crm.qa.base.TestBase.initialization(TestBase.java:50)
	at com.crm.qa.testcases.HomePageTest.setup(HomePageTest.java:26)
... Removed 37 stack frames]]>
    </failure>
  </testcase> <!-- @BeforeMethod setup -->
  <testcase name="@BeforeMethod setUp" time="0.0" classname="com.crm.qa.testcases.LoginPageTest">
    <skipped/>
  </testcase> <!-- @BeforeMethod setUp -->
  <testcase name="@BeforeMethod setUp" time="0.0" classname="com.crm.qa.testcases.ReportsPageTest">
    <failure type="java.lang.NullPointerException">
      <![CDATA[java.lang.NullPointerException
	at com.crm.qa.base.TestBase.initialization(TestBase.java:50)
	at com.crm.qa.testcases.ReportsPageTest.setUp(ReportsPageTest.java:32)
... Removed 37 stack frames]]>
    </failure>
  </testcase> <!-- @BeforeMethod setUp -->
  <testcase name="@BeforeMethod setUp" time="0.0" classname="com.crm.qa.testcases.CasesPageTest">
    <failure type="java.lang.NullPointerException">
      <![CDATA[java.lang.NullPointerException
	at com.crm.qa.base.TestBase.initialization(TestBase.java:50)
	at com.crm.qa.testcases.CasesPageTest.setUp(CasesPageTest.java:28)
... Removed 37 stack frames]]>
    </failure>
  </testcase> <!-- @BeforeMethod setUp -->
  <testcase name="@BeforeMethod setUp" time="0.0" classname="com.crm.qa.testcases.ContactsPageTest">
    <skipped/>
  </testcase> <!-- @BeforeMethod setUp -->
  <testcase name="@BeforeMethod setUp" time="0.0" classname="com.crm.qa.testcases.CompanyPageTest">
    <skipped/>
  </testcase> <!-- @BeforeMethod setUp -->
  <testcase name="@BeforeMethod setup" time="0.0" classname="com.crm.qa.testcases.HomePageTest">
    <skipped/>
  </testcase> <!-- @BeforeMethod setup -->
  <testcase name="@BeforeMethod setUp" time="0.0" classname="com.crm.qa.testcases.LoginPageTest">
    <skipped/>
  </testcase> <!-- @BeforeMethod setUp -->
  <testcase name="@BeforeMethod setUp" time="0.0" classname="com.crm.qa.testcases.ReportsPageTest">
    <skipped/>
  </testcase> <!-- @BeforeMethod setUp -->
  <testcase name="@BeforeMethod setUp" time="0.0" classname="com.crm.qa.testcases.CasesPageTest">
    <skipped/>
  </testcase> <!-- @BeforeMethod setUp -->
  <testcase name="@BeforeMethod setup" time="0.0" classname="com.crm.qa.testcases.HomePageTest">
    <skipped/>
  </testcase> <!-- @BeforeMethod setup -->
  <testcase name="@BeforeMethod setUp" time="0.0" classname="com.crm.qa.testcases.ReportsPageTest">
    <skipped/>
  </testcase> <!-- @BeforeMethod setUp -->
  <testcase name="@BeforeMethod setUp" time="0.0" classname="com.crm.qa.testcases.FormsPageTest">
    <skipped/>
  </testcase> <!-- @BeforeMethod setUp -->
  <testcase name="@BeforeMethod setUp" time="0.0" classname="com.crm.qa.testcases.LoginPageTest">
    <skipped/>
  </testcase> <!-- @BeforeMethod setUp -->
  <testcase name="@BeforeMethod setUp" time="0.0" classname="com.crm.qa.testcases.ContactsPageTest">
    <skipped/>
  </testcase> <!-- @BeforeMethod setUp -->
  <testcase name="@BeforeMethod setUp" time="0.0" classname="com.crm.qa.testcases.CompanyPageTest">
    <skipped/>
  </testcase> <!-- @BeforeMethod setUp -->
  <testcase name="@BeforeMethod setup" time="0.0" classname="com.crm.qa.testcases.HomePageTest">
    <skipped/>
  </testcase> <!-- @BeforeMethod setup -->
  <testcase name="@BeforeMethod setUp" time="0.0" classname="com.crm.qa.testcases.ReportsPageTest">
    <skipped/>
  </testcase> <!-- @BeforeMethod setUp -->
  <testcase name="@BeforeMethod setUp" time="0.0" classname="com.crm.qa.testcases.CompanyPageTest">
    <skipped/>
  </testcase> <!-- @BeforeMethod setUp -->
  <testcase name="@BeforeMethod setUp" time="0.0" classname="com.crm.qa.testcases.ContactsPageTest">
    <skipped/>
  </testcase> <!-- @BeforeMethod setUp -->
  <testcase name="@BeforeMethod setUp" time="0.0" classname="com.crm.qa.testcases.ReportsPageTest">
    <skipped/>
  </testcase> <!-- @BeforeMethod setUp -->
  <testcase name="@BeforeMethod setUp" time="0.0" classname="com.crm.qa.testcases.ReportsPageTest">
    <skipped/>
  </testcase> <!-- @BeforeMethod setUp -->
  <testcase name="@BeforeMethod setUp" time="0.0" classname="com.crm.qa.testcases.ReportsPageTest">
    <skipped/>
  </testcase> <!-- @BeforeMethod setUp -->
  <testcase name="@BeforeMethod setUp" time="0.0" classname="com.crm.qa.testcases.ReportsPageTest">
    <skipped/>
  </testcase> <!-- @BeforeMethod setUp -->
  <testcase name="@BeforeMethod setUp" time="0.0" classname="com.crm.qa.testcases.ReportsPageTest">
    <skipped/>
  </testcase> <!-- @BeforeMethod setUp -->
  <testcase name="@BeforeMethod setUp" time="0.0" classname="com.crm.qa.testcases.ReportsPageTest">
    <skipped/>
  </testcase> <!-- @BeforeMethod setUp -->
  <testcase name="@BeforeMethod setUp" time="0.0" classname="com.crm.qa.testcases.ReportsPageTest">
    <skipped/>
  </testcase> <!-- @BeforeMethod setUp -->
  <testcase name="@BeforeMethod setUp" time="0.0" classname="com.crm.qa.testcases.ReportsPageTest">
    <skipped/>
  </testcase> <!-- @BeforeMethod setUp -->
  <testcase name="@BeforeMethod setUp" time="0.0" classname="com.crm.qa.testcases.ReportsPageTest">
    <skipped/>
  </testcase> <!-- @BeforeMethod setUp -->
  <testcase name="@BeforeMethod setUp" time="0.0" classname="com.crm.qa.testcases.ReportsPageTest">
    <skipped/>
  </testcase> <!-- @BeforeMethod setUp -->
  <testcase name="@BeforeMethod setUp" time="0.0" classname="com.crm.qa.testcases.ReportsPageTest">
    <skipped/>
  </testcase> <!-- @BeforeMethod setUp -->
  <testcase name="@BeforeMethod setUp" time="0.0" classname="com.crm.qa.testcases.ReportsPageTest">
    <skipped/>
  </testcase> <!-- @BeforeMethod setUp -->
  <testcase name="@BeforeMethod setUp" time="0.0" classname="com.crm.qa.testcases.ReportsPageTest">
    <skipped/>
  </testcase> <!-- @BeforeMethod setUp -->
  <testcase name="@BeforeMethod setUp" time="0.0" classname="com.crm.qa.testcases.ReportsPageTest">
    <skipped/>
  </testcase> <!-- @BeforeMethod setUp -->
  <testcase name="@BeforeMethod setUp" time="0.0" classname="com.crm.qa.testcases.ReportsPageTest">
    <skipped/>
  </testcase> <!-- @BeforeMethod setUp -->
  <testcase name="@BeforeMethod setUp" time="0.0" classname="com.crm.qa.testcases.ReportsPageTest">
    <skipped/>
  </testcase> <!-- @BeforeMethod setUp -->
  <testcase name="@BeforeMethod setUp" time="0.0" classname="com.crm.qa.testcases.ReportsPageTest">
    <skipped/>
  </testcase> <!-- @BeforeMethod setUp -->
  <testcase name="@BeforeMethod setUp" time="0.0" classname="com.crm.qa.testcases.ReportsPageTest">
    <skipped/>
  </testcase> <!-- @BeforeMethod setUp -->
  <testcase name="@BeforeMethod setUp" time="0.0" classname="com.crm.qa.testcases.ReportsPageTest">
    <skipped/>
  </testcase> <!-- @BeforeMethod setUp -->
  <testcase name="@BeforeMethod setUp" time="0.0" classname="com.crm.qa.testcases.ReportsPageTest">
    <skipped/>
  </testcase> <!-- @BeforeMethod setUp -->
  <testcase name="@BeforeMethod setUp" time="0.0" classname="com.crm.qa.testcases.ReportsPageTest">
    <skipped/>
  </testcase> <!-- @BeforeMethod setUp -->
  <testcase name="@BeforeMethod setUp" time="0.0" classname="com.crm.qa.testcases.ReportsPageTest">
    <skipped/>
  </testcase> <!-- @BeforeMethod setUp -->
  <testcase name="@BeforeMethod setUp" time="0.0" classname="com.crm.qa.testcases.ReportsPageTest">
    <skipped/>
  </testcase> <!-- @BeforeMethod setUp -->
  <testcase name="@AfterTest tearDown" time="0.0" classname="com.crm.qa.testcases.CasesPageTest">
    <skipped/>
  </testcase> <!-- @AfterTest tearDown -->
  <testcase name="@AfterTest tearDown" time="0.0" classname="com.crm.qa.testcases.FormsPageTest">
    <skipped/>
  </testcase> <!-- @AfterTest tearDown -->
  <testcase name="@AfterTest tearDown" time="0.0" classname="com.crm.qa.testcases.TargetsPageTest">
    <skipped/>
  </testcase> <!-- @AfterTest tearDown -->
  <testcase name="validateCreateNewTargets" time="0.0" classname="com.crm.qa.testcases.TargetsPageTest">
    <skipped/>
  </testcase> <!-- validateCreateNewTargets -->
  <testcase name="validateTargetsDataOnGridPage" time="0.0" classname="com.crm.qa.testcases.TargetsPageTest">
    <skipped/>
  </testcase> <!-- validateTargetsDataOnGridPage -->
  <testcase name="validateSignupPage" time="0.0" classname="com.crm.qa.testcases.SignupPageTest">
    <skipped/>
  </testcase> <!-- validateSignupPage -->
  <testcase name="contactsLinkTest" time="0.0" classname="com.crm.qa.testcases.LoginPageTest">
    <skipped/>
  </testcase> <!-- contactsLinkTest -->
  <testcase name="customersLinkTest" time="0.0" classname="com.crm.qa.testcases.LoginPageTest">
    <skipped/>
  </testcase> <!-- customersLinkTest -->
  <testcase name="featuresLinkTest" time="0.0" classname="com.crm.qa.testcases.LoginPageTest">
    <skipped/>
  </testcase> <!-- featuresLinkTest -->
  <testcase name="forgotPasswordLinkTest" time="0.0" classname="com.crm.qa.testcases.LoginPageTest">
    <skipped/>
  </testcase> <!-- forgotPasswordLinkTest -->
  <testcase name="signupClickTest" time="0.0" classname="com.crm.qa.testcases.LoginPageTest">
    <skipped/>
  </testcase> <!-- signupClickTest -->
  <testcase name="validateDocsPageLabelTest" time="0.0" classname="com.crm.qa.testcases.DocsPageTest">
    <skipped/>
  </testcase> <!-- validateDocsPageLabelTest -->
  <testcase name="validateTasksPageLabel" time="0.0" classname="com.crm.qa.testcases.TasksPageTest">
    <skipped/>
  </testcase> <!-- validateTasksPageLabel -->
  <testcase name="validateCreateNewCase" time="0.0" classname="com.crm.qa.testcases.CasesPageTest">
    <skipped/>
  </testcase> <!-- validateCreateNewCase -->
  <testcase name="validateCreateNewCalendarEventWithoutAssignedToSelected" time="0.0" classname="com.crm.qa.testcases.CalendarPageTest">
    <skipped/>
  </testcase> <!-- validateCreateNewCalendarEventWithoutAssignedToSelected -->
  <testcase name="validateCompanyPageLabel" time="0.0" classname="com.crm.qa.testcases.CompanyPageTest">
    <skipped/>
  </testcase> <!-- validateCompanyPageLabel -->
  <testcase name="validateContactsPageLabel" time="0.0" classname="com.crm.qa.testcases.ContactsPageTest">
    <skipped/>
  </testcase> <!-- validateContactsPageLabel -->
  <testcase name="validateDealsPageLabel" time="0.0" classname="com.crm.qa.testcases.DealsPageTest">
    <skipped/>
  </testcase> <!-- validateDealsPageLabel -->
  <testcase name="validateFormsPageLabel" time="0.0" classname="com.crm.qa.testcases.FormsPageTest">
    <skipped/>
  </testcase> <!-- validateFormsPageLabel -->
  <testcase name="validateHomePageTitleTest" time="0.0" classname="com.crm.qa.testcases.HomePageTest">
    <skipped/>
  </testcase> <!-- validateHomePageTitleTest -->
  <testcase name="loginPageTitleTest" time="0.0" classname="com.crm.qa.testcases.LoginPageTest">
    <skipped/>
  </testcase> <!-- loginPageTitleTest -->
  <testcase name="validateReportsPageLabel" time="0.0" classname="com.crm.qa.testcases.ReportsPageTest">
    <skipped/>
  </testcase> <!-- validateReportsPageLabel -->
  <testcase name="validateAddNewDocument" time="0.0" classname="com.crm.qa.testcases.DocsPageTest">
    <skipped/>
  </testcase> <!-- validateAddNewDocument -->
  <testcase name="validateCreateNewTasks" time="0.0" classname="com.crm.qa.testcases.TasksPageTest">
    <skipped/>
  </testcase> <!-- validateCreateNewTasks -->
  <testcase name="validateUpdateCase" time="0.0" classname="com.crm.qa.testcases.CasesPageTest">
    <skipped/>
  </testcase> <!-- validateUpdateCase -->
  <testcase name="validateCreateNewForms" time="0.0" classname="com.crm.qa.testcases.FormsPageTest">
    <skipped/>
  </testcase> <!-- validateCreateNewForms -->
  <testcase name="selectContactsTest" time="0.0" classname="com.crm.qa.testcases.ContactsPageTest">
    <skipped/>
  </testcase> <!-- selectContactsTest -->
  <testcase name="validateCreateNewCalendarEvent" time="0.0" classname="com.crm.qa.testcases.CalendarPageTest">
    <skipped/>
  </testcase> <!-- validateCreateNewCalendarEvent -->
  <testcase name="validateCreateNewCompanyLabel" time="0.0" classname="com.crm.qa.testcases.CompanyPageTest">
    <skipped/>
  </testcase> <!-- validateCreateNewCompanyLabel -->
  <testcase name="validateCreateNewDeals" time="0.0" classname="com.crm.qa.testcases.DealsPageTest">
    <skipped/>
  </testcase> <!-- validateCreateNewDeals -->
  <testcase name="validateUsernameTest" time="0.001" classname="com.crm.qa.testcases.HomePageTest">
    <skipped/>
  </testcase> <!-- validateUsernameTest -->
  <testcase name="crmLogoImageTest" time="0.0" classname="com.crm.qa.testcases.LoginPageTest">
    <skipped/>
  </testcase> <!-- crmLogoImageTest -->
  <testcase name="validateCallStatisticsReport" time="0.0" classname="com.crm.qa.testcases.ReportsPageTest">
    <skipped/>
  </testcase> <!-- validateCallStatisticsReport -->
  <testcase name="validateSearch" time="0.0" classname="com.crm.qa.testcases.CasesPageTest">
    <skipped/>
  </testcase> <!-- validateSearch -->
  <testcase name="validateContactsLinkTest" time="0.0" classname="com.crm.qa.testcases.HomePageTest">
    <skipped/>
  </testcase> <!-- validateContactsLinkTest -->
  <testcase name="validateMostCalledContactsReport" time="0.0" classname="com.crm.qa.testcases.ReportsPageTest">
    <skipped/>
  </testcase> <!-- validateMostCalledContactsReport -->
  <testcase name="ValidateAlertOnFormsPage" time="0.0" classname="com.crm.qa.testcases.FormsPageTest">
    <skipped/>
  </testcase> <!-- ValidateAlertOnFormsPage -->
  <testcase name="loginTest" time="0.0" classname="com.crm.qa.testcases.LoginPageTest">
    <skipped/>
  </testcase> <!-- loginTest -->
  <testcase name="validateCreateNewCompany" time="0.0" classname="com.crm.qa.testcases.CompanyPageTest">
    <skipped/>
  </testcase> <!-- validateCreateNewCompany -->
  <testcase name="selectMultipleContactsTest" time="0.0" classname="com.crm.qa.testcases.ContactsPageTest">
    <skipped/>
  </testcase> <!-- selectMultipleContactsTest -->
  <testcase name="validateUpdateCompany" time="0.0" classname="com.crm.qa.testcases.CompanyPageTest">
    <skipped/>
  </testcase> <!-- validateUpdateCompany -->
  <testcase name="validateCreateNewContact" time="0.0" classname="com.crm.qa.testcases.ContactsPageTest">
    <skipped/>
  </testcase> <!-- validateCreateNewContact -->
  <testcase name="validateGlobalSearchFunctionality" time="0.0" classname="com.crm.qa.testcases.HomePageTest">
    <skipped/>
  </testcase> <!-- validateGlobalSearchFunctionality -->
  <testcase name="validateCallByMonthReport" time="0.0" classname="com.crm.qa.testcases.ReportsPageTest">
    <skipped/>
  </testcase> <!-- validateCallByMonthReport -->
  <testcase name="validateFullSearchFormCompanyFunctionality" time="0.0" classname="com.crm.qa.testcases.CompanyPageTest">
    <skipped/>
  </testcase> <!-- validateFullSearchFormCompanyFunctionality -->
  <testcase name="validateSearchContacts" time="0.0" classname="com.crm.qa.testcases.ContactsPageTest">
    <skipped/>
  </testcase> <!-- validateSearchContacts -->
  <testcase name="validateCallByWeekReport" time="0.0" classname="com.crm.qa.testcases.ReportsPageTest">
    <skipped/>
  </testcase> <!-- validateCallByWeekReport -->
  <testcase name="validateCallsByTeamReport" time="0.0" classname="com.crm.qa.testcases.ReportsPageTest">
    <skipped/>
  </testcase> <!-- validateCallsByTeamReport -->
  <testcase name="validateDealCallsReport" time="0.0" classname="com.crm.qa.testcases.ReportsPageTest">
    <skipped/>
  </testcase> <!-- validateDealCallsReport -->
  <testcase name="validateTaskCallsReport" time="0.0" classname="com.crm.qa.testcases.ReportsPageTest">
    <skipped/>
  </testcase> <!-- validateTaskCallsReport -->
  <testcase name="validateCaseCallsReport" time="0.0" classname="com.crm.qa.testcases.ReportsPageTest">
    <skipped/>
  </testcase> <!-- validateCaseCallsReport -->
  <testcase name="validateCallFlagsReport" time="0.0" classname="com.crm.qa.testcases.ReportsPageTest">
    <skipped/>
  </testcase> <!-- validateCallFlagsReport -->
  <testcase name="validateCallFlagsByUserReport" time="0.0" classname="com.crm.qa.testcases.ReportsPageTest">
    <skipped/>
  </testcase> <!-- validateCallFlagsByUserReport -->
  <testcase name="validateCallsByTImeReportLink" time="0.0" classname="com.crm.qa.testcases.ReportsPageTest">
    <skipped/>
  </testcase> <!-- validateCallsByTImeReportLink -->
  <testcase name="validateCallByDayReport" time="0.0" classname="com.crm.qa.testcases.ReportsPageTest">
    <skipped/>
  </testcase> <!-- validateCallByDayReport -->
  <testcase name="validateCaseStatisticsReport" time="0.0" classname="com.crm.qa.testcases.ReportsPageTest">
    <skipped/>
  </testcase> <!-- validateCaseStatisticsReport -->
  <testcase name="validateAllOpenCasesReport" time="0.0" classname="com.crm.qa.testcases.ReportsPageTest">
    <skipped/>
  </testcase> <!-- validateAllOpenCasesReport -->
  <testcase name="validateClosedCasesReport" time="0.0" classname="com.crm.qa.testcases.ReportsPageTest">
    <skipped/>
  </testcase> <!-- validateClosedCasesReport -->
  <testcase name="validateOpenCasesReport" time="0.0" classname="com.crm.qa.testcases.ReportsPageTest">
    <skipped/>
  </testcase> <!-- validateOpenCasesReport -->
  <testcase name="validateOpenAndClosedCasesReport" time="0.0" classname="com.crm.qa.testcases.ReportsPageTest">
    <skipped/>
  </testcase> <!-- validateOpenAndClosedCasesReport -->
  <testcase name="validateCasesClosedByUsersReport" time="0.0" classname="com.crm.qa.testcases.ReportsPageTest">
    <skipped/>
  </testcase> <!-- validateCasesClosedByUsersReport -->
  <testcase name="validateCasesByUsersReport" time="0.0" classname="com.crm.qa.testcases.ReportsPageTest">
    <skipped/>
  </testcase> <!-- validateCasesByUsersReport -->
  <testcase name="validateCasesOpenByUsersReport" time="0.0" classname="com.crm.qa.testcases.ReportsPageTest">
    <skipped/>
  </testcase> <!-- validateCasesOpenByUsersReport -->
  <testcase name="validateCasesAndCompaniesReport" time="0.0" classname="com.crm.qa.testcases.ReportsPageTest">
    <skipped/>
  </testcase> <!-- validateCasesAndCompaniesReport -->
  <testcase name="validateCompanyStatisticsReport" time="0.0" classname="com.crm.qa.testcases.ReportsPageTest">
    <skipped/>
  </testcase> <!-- validateCompanyStatisticsReport -->
  <testcase name="validateCompanyCountriesReport" time="0.0" classname="com.crm.qa.testcases.ReportsPageTest">
    <skipped/>
  </testcase> <!-- validateCompanyCountriesReport -->
  <testcase name="validateCompanyDealsReport" time="0.0" classname="com.crm.qa.testcases.ReportsPageTest">
    <skipped/>
  </testcase> <!-- validateCompanyDealsReport -->
  <testcase name="validateCompanyCountByUserReport" time="0.0" classname="com.crm.qa.testcases.ReportsPageTest">
    <skipped/>
  </testcase> <!-- validateCompanyCountByUserReport -->
  <testcase name="validateCompanyCategoriesReport" time="0.0" classname="com.crm.qa.testcases.ReportsPageTest">
    <skipped/>
  </testcase> <!-- validateCompanyCategoriesReport -->
</testsuite> <!-- Command line test -->
