-------------------------------------------------------------------------------
Test set: TestSuite
-------------------------------------------------------------------------------
Tests run: 125, Failures: 11, Errors: 0, Skipped: 114, Time elapsed: 70.621 sec <<< FAILURE!
setup(com.crm.qa.testcases.TargetsPageTest)  Time elapsed: 0.214 sec  <<< FAILURE!
java.lang.NullPointerException
	at com.crm.qa.base.TestBase.initialization(TestBase.java:50)
	at com.crm.qa.testcases.TargetsPageTest.setup(TargetsPageTest.java:30)

setUp(com.crm.qa.testcases.LoginPageTest)  Time elapsed: 0.233 sec  <<< FAILURE!
java.lang.NullPointerException
	at com.crm.qa.base.TestBase.initialization(TestBase.java:50)
	at com.crm.qa.testcases.LoginPageTest.setUp(LoginPageTest.java:26)

setup(com.crm.qa.testcases.DocsPageTest)  Time elapsed: 0.236 sec  <<< FAILURE!
java.lang.NullPointerException
	at com.crm.qa.base.TestBase.initialization(TestBase.java:50)
	at com.crm.qa.testcases.DocsPageTest.setup(DocsPageTest.java:30)

setup(com.crm.qa.testcases.TasksPageTest)  Time elapsed: 0.238 sec  <<< FAILURE!
java.lang.NullPointerException
	at com.crm.qa.base.TestBase.initialization(TestBase.java:50)
	at com.crm.qa.testcases.TasksPageTest.setup(TasksPageTest.java:32)

setUp(com.crm.qa.testcases.CompanyPageTest)  Time elapsed: 0.251 sec  <<< FAILURE!
java.lang.NullPointerException
	at com.crm.qa.base.TestBase.initialization(TestBase.java:50)
	at com.crm.qa.testcases.CompanyPageTest.setUp(CompanyPageTest.java:31)

setUp(com.crm.qa.testcases.ContactsPageTest)  Time elapsed: 0.252 sec  <<< FAILURE!
java.lang.NullPointerException
	at com.crm.qa.base.TestBase.initialization(TestBase.java:50)
	at com.crm.qa.testcases.ContactsPageTest.setUp(ContactsPageTest.java:31)

setUp(com.crm.qa.testcases.DealsPageTest)  Time elapsed: 0.255 sec  <<< FAILURE!
java.lang.NullPointerException
	at com.crm.qa.base.TestBase.initialization(TestBase.java:50)
	at com.crm.qa.testcases.DealsPageTest.setUp(DealsPageTest.java:32)

setUp(com.crm.qa.testcases.FormsPageTest)  Time elapsed: 0.256 sec  <<< FAILURE!
java.lang.NullPointerException
	at com.crm.qa.base.TestBase.initialization(TestBase.java:50)
	at com.crm.qa.testcases.FormsPageTest.setUp(FormsPageTest.java:27)

setup(com.crm.qa.testcases.HomePageTest)  Time elapsed: 0.257 sec  <<< FAILURE!
java.lang.NullPointerException
	at com.crm.qa.base.TestBase.initialization(TestBase.java:50)
	at com.crm.qa.testcases.HomePageTest.setup(HomePageTest.java:26)

setUp(com.crm.qa.testcases.ReportsPageTest)  Time elapsed: 0.259 sec  <<< FAILURE!
java.lang.NullPointerException
	at com.crm.qa.base.TestBase.initialization(TestBase.java:50)
	at com.crm.qa.testcases.ReportsPageTest.setUp(ReportsPageTest.java:32)

setUp(com.crm.qa.testcases.CasesPageTest)  Time elapsed: 0.27 sec  <<< FAILURE!
java.lang.NullPointerException
	at com.crm.qa.base.TestBase.initialization(TestBase.java:50)
	at com.crm.qa.testcases.CasesPageTest.setUp(CasesPageTest.java:28)

